app/build/intermediates/manifest_merge_blame_file/debug/manifest-merger-blame-debug-report.txt
1<?xml version="1.0" encoding="utf-8"?>
2<manifest xmlns:android="http://schemas.android.com/apk/res/android"
3    package="ru.skillbranch.gameofthrones"
4    android:versionCode="1"
5    android:versionName="1.0" >
6
7    <uses-sdk
8        android:minSdkVersion="23"
8-->src/main/AndroidManifest.xml
9        android:targetSdkVersion="29" />
9-->src/main/AndroidManifest.xml
10
11    <uses-permission android:name="android.permission.INTERNET" />
11-->src/main/AndroidManifest.xml:6:5-67
11-->src/main/AndroidManifest.xml:6:22-64
12    <uses-permission android:name="android.permission.ACCESS_NETWORK_STATE" />
12-->src/main/AndroidManifest.xml:7:5-79
12-->src/main/AndroidManifest.xml:7:22-76
13
14    <application
14-->src/main/AndroidManifest.xml:9:5-26:19
15        android:name="ru.skillbranch.gameofthrones.GameOfThronesApp"
15-->src/main/AndroidManifest.xml:10:9-41
16        android:allowBackup="true"
16-->src/main/AndroidManifest.xml:11:9-35
17        android:appComponentFactory="androidx.core.app.CoreComponentFactory"
17-->[androidx.core:core:1.1.0] AndroidManifest.xml:24:18-86
18        android:debuggable="true"
19        android:icon="@mipmap/ic_launcher"
19-->src/main/AndroidManifest.xml:12:9-43
20        android:label="@string/app_name"
20-->src/main/AndroidManifest.xml:13:9-41
21        android:roundIcon="@mipmap/ic_launcher_round"
21-->src/main/AndroidManifest.xml:14:9-54
22        android:supportsRtl="true"
22-->src/main/AndroidManifest.xml:15:9-35
23        android:testOnly="true"
24        android:theme="@style/AppTheme" >
24-->src/main/AndroidManifest.xml:16:9-40
25        <activity android:name="ru.skillbranch.gameofthrones.ui.splash_screen.SplashScreen" >
25-->src/main/AndroidManifest.xml:18:9-24:20
25-->src/main/AndroidManifest.xml:18:19-64
26            <intent-filter>
26-->src/main/AndroidManifest.xml:19:13-23:29
27                <action android:name="android.intent.action.MAIN" />
27-->src/main/AndroidManifest.xml:20:17-69
27-->src/main/AndroidManifest.xml:20:25-66
28
29                <category android:name="android.intent.category.LAUNCHER" />
29-->src/main/AndroidManifest.xml:22:17-77
29-->src/main/AndroidManifest.xml:22:27-74
30            </intent-filter>
31        </activity>
32        <activity android:name="ru.skillbranch.gameofthrones.ui.MainActivity" />
32-->src/main/AndroidManifest.xml:25:9-53
32-->src/main/AndroidManifest.xml:25:19-50
33
34        <provider
34-->[io.coil-kt:coil:0.8.0] AndroidManifest.xml:10:9-13:40
35            android:name="coil.util.CoilContentProvider"
35-->[io.coil-kt:coil:0.8.0] AndroidManifest.xml:11:13-57
36            android:authorities="ru.skillbranch.gameofthrones.coil"
36-->[io.coil-kt:coil:0.8.0] AndroidManifest.xml:12:13-56
37            android:exported="false" />
37-->[io.coil-kt:coil:0.8.0] AndroidManifest.xml:13:13-37
38
39        <service
39-->[androidx.room:room-runtime:2.2.2] AndroidManifest.xml:25:9-27:40
40            android:name="androidx.room.MultiInstanceInvalidationService"
40-->[androidx.room:room-runtime:2.2.2] AndroidManifest.xml:26:13-74
41            android:exported="false" />
41-->[androidx.room:room-runtime:2.2.2] AndroidManifest.xml:27:13-37
42
43        <provider
43-->[androidx.lifecycle:lifecycle-process:2.1.0] AndroidManifest.xml:23:9-27:43
44            android:name="androidx.lifecycle.ProcessLifecycleOwnerInitializer"
44-->[androidx.lifecycle:lifecycle-process:2.1.0] AndroidManifest.xml:24:13-79
45            android:authorities="ru.skillbranch.gameofthrones.lifecycle-process"
45-->[androidx.lifecycle:lifecycle-process:2.1.0] AndroidManifest.xml:25:13-69
46            android:exported="false"
46-->[androidx.lifecycle:lifecycle-process:2.1.0] AndroidManifest.xml:26:13-37
47            android:multiprocess="true" />
47-->[androidx.lifecycle:lifecycle-process:2.1.0] AndroidManifest.xml:27:13-40
48    </application>
49
50</manifest>